app/build/outputs/mapping/release/seeds.txt
com.swiftsoftbd.app.droidinfo.ActivityMain
com.swiftsoftbd.app.droidinfo.ActivityMain: ActivityMain()
com.swiftsoftbd.app.droidinfo.ActivitySplash
com.swiftsoftbd.app.droidinfo.ActivitySplash: ActivitySplash()
com.swiftsoftbd.app.droidinfo.R$anim: int abc_fade_in
com.swiftsoftbd.app.droidinfo.R$anim: int abc_fade_out
com.swiftsoftbd.app.droidinfo.R$anim: int abc_grow_fade_in_from_bottom
com.swiftsoftbd.app.droidinfo.R$anim: int abc_popup_enter
com.swiftsoftbd.app.droidinfo.R$anim: int abc_popup_exit
com.swiftsoftbd.app.droidinfo.R$anim: int abc_shrink_fade_out_from_bottom
com.swiftsoftbd.app.droidinfo.R$anim: int abc_slide_in_bottom
com.swiftsoftbd.app.droidinfo.R$anim: int abc_slide_in_top
com.swiftsoftbd.app.droidinfo.R$anim: int abc_slide_out_bottom
com.swiftsoftbd.app.droidinfo.R$anim: int abc_slide_out_top
com.swiftsoftbd.app.droidinfo.R$anim: int fade_in
com.swiftsoftbd.app.droidinfo.R$anim: int fade_out
com.swiftsoftbd.app.droidinfo.R$anim: int rotate
com.swiftsoftbd.app.droidinfo.R$array: int cast_expanded_controller_default_control_buttons
com.swiftsoftbd.app.droidinfo.R$array: int cast_mini_controller_default_control_buttons
com.swiftsoftbd.app.droidinfo.R$array: int tab_title
com.swiftsoftbd.app.droidinfo.R$attr: int actionBarDivider
com.swiftsoftbd.app.droidinfo.R$attr: int actionBarItemBackground
com.swiftsoftbd.app.droidinfo.R$attr: int actionBarPopupTheme
com.swiftsoftbd.app.droidinfo.R$attr: int actionBarSize
com.swiftsoftbd.app.droidinfo.R$attr: int actionBarSplitStyle
com.swiftsoftbd.app.droidinfo.R$attr: int actionBarStyle
com.swiftsoftbd.app.droidinfo.R$attr: int actionBarTabBarStyle
com.swiftsoftbd.app.droidinfo.R$attr: int actionBarTabStyle
com.swiftsoftbd.app.droidinfo.R$attr: int actionBarTabTextStyle
com.swiftsoftbd.app.droidinfo.R$attr: int actionBarTheme
com.swiftsoftbd.app.droidinfo.R$attr: int actionBarWidgetTheme
com.swiftsoftbd.app.droidinfo.R$attr: int actionButtonStyle
com.swiftsoftbd.app.droidinfo.R$attr: int actionDropDownStyle
com.swiftsoftbd.app.droidinfo.R$attr: int actionLayout
com.swiftsoftbd.app.droidinfo.R$attr: int actionMenuTextAppearance
com.swiftsoftbd.app.droidinfo.R$attr: int actionMenuTextColor
com.swiftsoftbd.app.droidinfo.R$attr: int actionModeBackground
com.swiftsoftbd.app.droidinfo.R$attr: int actionModeCloseButtonStyle
com.swiftsoftbd.app.droidinfo.R$attr: int actionModeCloseDrawable
com.swiftsoftbd.app.droidinfo.R$attr: int actionModeCopyDrawable
com.swiftsoftbd.app.droidinfo.R$attr: int actionModeCutDrawable
com.swiftsoftbd.app.droidinfo.R$attr: int actionModeFindDrawable
com.swiftsoftbd.app.droidinfo.R$attr: int actionModePasteDrawable
com.swiftsoftbd.app.droidinfo.R$bool: int abc_action_bar_embed_tabs
com.swiftsoftbd.app.droidinfo.R$bool: int abc_allow_stacked_button_bar
com.swiftsoftbd.app.droidinfo.R$bool: int abc_config_actionMenuItemAllCaps
com.swiftsoftbd.app.droidinfo.R$bool: int abc_config_closeDialogWhenTouchOutside
com.swiftsoftbd.app.droidinfo.R$bool: int abc_config_showMenuShortcutsWhenKeyboardPresent
...
com.google.android.gms.ads.AdView
com.google.android.gms.ads.AdView: AdView(android.content.Context)
com.google.android.gms.ads.AdView: AdView(android.content.Context,android.util.AttributeSet)
com.google.android.gms.ads.AdView: AdView(android.content.Context,android.util.AttributeSet,int)
com.google.android.gms.ads.AdView: java.lang.String getMediationAdapterClassName()
com.google.android.gms.ads.AdView: void setInAppPurchaseListener(com.google.android.gms.ads.purchase.InAppPurchaseListener)
com.google.android.gms.ads.AdView: void setAdUnitId(java.lang.String)
com.google.android.gms.ads.AdView: void setAdSize(com.google.android.gms.ads.AdSize)
com.google.android.gms.ads.AdView: void setAdListener(com.google.android.gms.ads.AdListener)
com.google.android.gms.ads.AdView: com.google.android.gms.ads.purchase.InAppPurchaseListener getInAppPurchaseListener()
com.google.android.gms.ads.AdView: java.lang.String getAdUnitId()
com.google.android.gms.ads.AdView: com.google.android.gms.ads.AdSize getAdSize()
com.google.android.gms.ads.AdView: com.google.android.gms.ads.AdListener getAdListener()
com.google.android.gms.ads.BaseAdView: BaseAdView(android.content.Context,int)
com.google.android.gms.ads.BaseAdView: BaseAdView(android.content.Context,android.util.AttributeSet,int)
com.google.android.gms.ads.BaseAdView: BaseAdView(android.content.Context,android.util.AttributeSet,int,int)
com.google.android.gms.ads.BaseAdView: com.google.android.gms.ads.AdListener getAdListener()
com.google.android.gms.ads.BaseAdView: com.google.android.gms.ads.AdSize getAdSize()
com.google.android.gms.ads.BaseAdView: java.lang.String getAdUnitId()
com.google.android.gms.ads.BaseAdView: com.google.android.gms.ads.purchase.InAppPurchaseListener getInAppPurchaseListener()
com.google.android.gms.ads.BaseAdView: void setAdListener(com.google.android.gms.ads.AdListener)
com.google.android.gms.ads.BaseAdView: void setAdSize(com.google.android.gms.ads.AdSize)
com.google.android.gms.ads.BaseAdView: void setAdUnitId(java.lang.String)
com.google.android.gms.ads.BaseAdView: void setInAppPurchaseListener(com.google.android.gms.ads.purchase.InAppPurchaseListener)
com.google.android.gms.ads.BaseAdView: java.lang.String getMediationAdapterClassName()
com.google.android.gms.ads.NativeExpressAdView: com.google.android.gms.ads.VideoController getVideoController()
com.google.android.gms.ads.NativeExpressAdView: void setVideoOptions(com.google.android.gms.ads.VideoOptions)
com.google.android.gms.ads.NativeExpressAdView: com.google.android.gms.ads.VideoOptions getVideoOptions()
com.google.android.gms.ads.NativeExpressAdView: java.lang.String getMediationAdapterClassName()
com.google.android.gms.ads.NativeExpressAdView: void setInAppPurchaseListener(com.google.android.gms.ads.purchase.InAppPurchaseListener)
com.google.android.gms.ads.NativeExpressAdView: void setAdUnitId(java.lang.String)
com.google.android.gms.ads.NativeExpressAdView: void setAdSize(com.google.android.gms.ads.AdSize)
com.google.android.gms.ads.NativeExpressAdView: void setAdListener(com.google.android.gms.ads.AdListener)
com.google.android.gms.ads.NativeExpressAdView: com.google.android.gms.ads.purchase.InAppPurchaseListener getInAppPurchaseListener()
com.google.android.gms.ads.NativeExpressAdView: java.lang.String getAdUnitId()
com.google.android.gms.ads.NativeExpressAdView: com.google.android.gms.ads.AdSize getAdSize()
com.google.android.gms.ads.NativeExpressAdView: com.google.android.gms.ads.AdListener getAdListener()