app/build/outputs/mapping/release/mapping.txt
com.swiftsoftbd.app.droidinfo.ActivityMain -> com.swiftsoftbd.app.droidinfo.ActivityMain:
    com.swiftsoftbd.app.droidinfo.adapter.PagerAdapter mAppSectionsPagerAdapter -> m
    java.lang.String[] tabTitle -> p
    android.support.v4.view.ViewPager mViewPager -> n
    android.app.ActionBar actionBar -> o
    android.view.Menu menu -> q
    39:39:void <init>() -> <init>
    51:87:void onCreate(android.os.Bundle) -> onCreate
    90:104:void defineTabAnpageView() -> g
    109:109:void onTabUnselected(android.app.ActionBar$Tab,android.app.FragmentTransaction) -> onTabUnselected
    117:118:void onTabSelected(android.app.ActionBar$Tab,android.app.FragmentTransaction) -> onTabSelected
    123:123:void onTabReselected(android.app.ActionBar$Tab,android.app.FragmentTransaction) -> onTabReselected
    130:133:boolean onCreateOptionsMenu(android.view.Menu) -> onCreateOptionsMenu
    141:146:boolean onOptionsItemSelected(android.view.MenuItem) -> onOptionsItemSelected
    39:39:android.view.Menu access$000(com.swiftsoftbd.app.droidinfo.ActivityMain) -> a
com.swiftsoftbd.app.droidinfo.ActivityMain$1 -> com.swiftsoftbd.app.droidinfo.ActivityMain$1:
    com.swiftsoftbd.app.droidinfo.ActivityMain this$0 -> a
    91:91:void <init>(com.swiftsoftbd.app.droidinfo.ActivityMain) -> <init>
    94:95:void onPageSelected(int) -> a
com.swiftsoftbd.app.droidinfo.ActivityMain$LoaderInfo -> com.swiftsoftbd.app.droidinfo.ActivityMain$a:
    com.swiftsoftbd.app.droidinfo.tools.LoaderData cpu -> a
    java.lang.String status -> b
    android.content.Context context -> c
    com.swiftsoftbd.app.droidinfo.ActivityMain this$0 -> d
    153:161:void <init>(com.swiftsoftbd.app.droidinfo.ActivityMain,android.app.Activity) -> <init>
    166:176:java.lang.String doInBackground(java.lang.String[]) -> a
    183:191:void onPostExecute(java.lang.String) -> a
    152:152:void onPostExecute(java.lang.Object) -> onPostExecute
    152:152:java.lang.Object doInBackground(java.lang.Object[]) -> doInBackground
com.swiftsoftbd.app.droidinfo.ActivitySplash -> com.swiftsoftbd.app.droidinfo.ActivitySplash:
    com.swiftsoftbd.app.droidinfo.tools.LoaderData cpu -> a
    android.widget.LinearLayout lyt_progress -> b
    android.widget.TextView tv_message -> c
    15:17:void <init>() -> <init>
    23:34:void onCreate(android.os.Bundle) -> onCreate
    95:96:boolean onCreateOptionsMenu(android.view.Menu) -> onCreateOptionsMenu
com.swiftsoftbd.app.droidinfo.ActivitySplash$LoaderInfo -> com.swiftsoftbd.app.droidinfo.ActivitySplash$a:
    com.swiftsoftbd.app.droidinfo.ActivitySplash this$0 -> a
    38:40:void <init>(com.swiftsoftbd.app.droidinfo.ActivitySplash) -> <init>
    46:69:java.lang.String doInBackground(java.lang.String[]) -> a
    74:76:void onProgressUpdate(java.lang.String[]) -> b
    80:86:void onPostExecute(java.lang.String) -> a
    36:36:void onProgressUpdate(java.lang.Object[]) -> onProgressUpdate
    36:36:void onPostExecute(java.lang.Object) -> onPostExecute
    36:36:java.lang.Object doInBackground(java.lang.Object[]) -> doInBackground
com.swiftsoftbd.app.droidinfo.PageAbout -> com.swiftsoftbd.app.droidinfo.a:
    19:19:void <init>() -> <init>
    23:110:android.view.View onCreateView(android.view.LayoutInflater,android.view.ViewGroup,android.os.Bundle) -> a
com.swiftsoftbd.app.droidinfo.PageAbout$1 -> com.swiftsoftbd.app.droidinfo.a$1:
    com.swiftsoftbd.app.droidinfo.PageAbout this$0 -> a
    26:26:void <init>(com.swiftsoftbd.app.droidinfo.PageAbout) -> <init>
    30:39:void onClick(android.view.View) -> onClick
com.swiftsoftbd.app.droidinfo.PageAbout$2 -> com.swiftsoftbd.app.droidinfo.a$2:
    com.swiftsoftbd.app.droidinfo.PageAbout this$0 -> a
    43:43:void <init>(com.swiftsoftbd.app.droidinfo.PageAbout) -> <init>
    49:57:void onClick(android.view.View) -> onClick
...
com.google.android.gms.internal.zzji$2 -> com.google.android.gms.c.abl$2:
    com.google.android.gms.internal.zzji$zzd zzJY -> a
    com.google.android.gms.internal.zzji zzJR -> b
    void <init>(com.google.android.gms.internal.zzji,com.google.android.gms.internal.zzji$zzd) -> <init>
    void zza(com.google.android.gms.internal.zzjf) -> a
    void zzd(java.lang.Object) -> a
com.google.android.gms.internal.zzji$3 -> com.google.android.gms.c.abl$3:
    com.google.android.gms.internal.zzji$zzd zzJY -> a
    com.google.android.gms.internal.zzji zzJR -> b
    void <init>(com.google.android.gms.internal.zzji,com.google.android.gms.internal.zzji$zzd) -> <init>
    void run() -> a
com.google.android.gms.internal.zzji$zza -> com.google.android.gms.c.abl$a:
    int zzJZ -> a
    int zzKa -> b
    void <clinit>() -> <clinit>
com.google.android.gms.internal.zzji$zzb -> com.google.android.gms.c.abl$b:
    void <init>() -> <init>
    void zzd(java.lang.Object) -> a
com.google.android.gms.internal.zzji$zzc -> com.google.android.gms.c.abl$c:
    java.lang.Object zzrJ -> d
    com.google.android.gms.internal.zzji$zzd zzKb -> e
    boolean zzKc -> f
    void <init>(com.google.android.gms.internal.zzji$zzd) -> <init>
    void release() -> c_
    com.google.android.gms.internal.zzji$zzd zza(com.google.android.gms.internal.zzji$zzc) -> a
com.google.android.gms.internal.zzji$zzc$1 -> com.google.android.gms.c.abl$c$1:
    void <init>(com.google.android.gms.internal.zzji$zzc) -> <init>
    void zzb(com.google.android.gms.internal.zzjj) -> a
    void zzd(java.lang.Object) -> a
com.google.android.gms.internal.zzji$zzc$2 -> com.google.android.gms.c.abl$c$2:
    com.google.android.gms.internal.zzji$zzc zzKd -> a
    void <init>(com.google.android.gms.internal.zzji$zzc) -> <init>
    void zzb(com.google.android.gms.internal.zzjj) -> a
    void zzd(java.lang.Object) -> a
com.google.android.gms.internal.zzji$zzc$3 -> com.google.android.gms.c.abl$c$3:
    com.google.android.gms.internal.zzji$zzc zzKd -> a
    void <init>(com.google.android.gms.internal.zzji$zzc) -> <init>
    void run() -> a
com.google.android.gms.internal.zzji$zzd -> com.google.android.gms.c.abl$d:
    java.lang.Object zzrJ -> d
    com.google.android.gms.internal.zzpt zzJM -> e
    boolean zzKe -> f
    int zzKf -> g
    void <init>(com.google.android.gms.internal.zzpt) -> <init>
    com.google.android.gms.internal.zzji$zzc zzgP() -> d_
    void zzgQ() -> e_
    void zzgR() -> c
    void zzgS() -> d
    com.google.android.gms.internal.zzpt zza(com.google.android.gms.internal.zzji$zzd) -> a
com.google.android.gms.internal.zzji$zzd$1 -> com.google.android.gms.c.abl$d$1:
    com.google.android.gms.internal.zzji$zzc zzKg -> a
    void <init>(com.google.android.gms.internal.zzji$zzd,com.google.android.gms.internal.zzji$zzc) -> <init>
    void zza(com.google.android.gms.internal.zzjf) -> a
    void zzd(java.lang.Object) -> a
com.google.android.gms.internal.zzji$zzd$2 -> com.google.android.gms.c.abl$d$2:
    com.google.android.gms.internal.zzji$zzc zzKg -> a
    void <init>(com.google.android.gms.internal.zzji$zzd,com.google.android.gms.internal.zzji$zzc) -> <init>
    void run() -> a
com.google.android.gms.internal.zzji$zzd$3 -> com.google.android.gms.c.abl$d$3:
    com.google.android.gms.internal.zzji$zzd zzKh -> a
    void <init>(com.google.android.gms.internal.zzji$zzd) -> <init>
    void zza(com.google.android.gms.internal.zzjf) -> a
    void zzd(java.lang.Object) -> a
com.google.android.gms.internal.zzji$zzd$3$1 -> com.google.android.gms.c.abl$d$3$1:
    com.google.android.gms.internal.zzjf zzKi -> a
    com.google.android.gms.internal.zzji$zzd$3 zzKj -> b
    void <init>(com.google.android.gms.internal.zzji$zzd$3,com.google.android.gms.internal.zzjf) -> <init>
    void run() -> run