app/build/outputs/mapping/release/usage.txt
com.swiftsoftbd.app.droidinfo.ActivityMain:
    private com.google.android.gms.ads.InterstitialAd mInterstitialAd
    200:203:public void showInterstitial()
com.swiftsoftbd.app.droidinfo.BuildConfig
com.swiftsoftbd.app.droidinfo.Manifest
com.swiftsoftbd.app.droidinfo.Manifest$permission
com.swiftsoftbd.app.droidinfo.PageAllFragment:
    public static final java.lang.String ARG_SECTION_NUMBER
    com.swiftsoftbd.app.droidinfo.tools.LoaderData cpu
com.swiftsoftbd.app.droidinfo.R
com.swiftsoftbd.app.droidinfo.R$anim
com.swiftsoftbd.app.droidinfo.R$array
com.swiftsoftbd.app.droidinfo.R$attr
com.swiftsoftbd.app.droidinfo.R$bool
com.swiftsoftbd.app.droidinfo.R$color
com.swiftsoftbd.app.droidinfo.R$dimen
com.swiftsoftbd.app.droidinfo.R$drawable
com.swiftsoftbd.app.droidinfo.R$id
com.swiftsoftbd.app.droidinfo.R$integer
com.swiftsoftbd.app.droidinfo.R$interpolator
com.swiftsoftbd.app.droidinfo.R$layout
com.swiftsoftbd.app.droidinfo.R$menu
com.swiftsoftbd.app.droidinfo.R$string
com.swiftsoftbd.app.droidinfo.R$style
com.swiftsoftbd.app.droidinfo.R$styleable
com.swiftsoftbd.app.droidinfo.adapter.PagerAdapter:
    51:51:public java.lang.CharSequence getPageTitle(int)
com.swiftsoftbd.app.droidinfo.data.SharedPref:
    6:6:public SharedPref()
    47:47:public static void setCameraData(android.content.Context,java.lang.String)
    95:96:public static int getIntPref(java.lang.String,int,android.content.Context)
    100:105:public static void setIntPref(java.lang.String,int,android.content.Context)
    112:113:public static boolean getBooleanPref(java.lang.String,boolean,android.content.Context)
    117:122:public static void setBooleanPref(java.lang.String,boolean,android.content.Context)
com.swiftsoftbd.app.droidinfo.model.TheInfo:
    15:16:public void setName(java.lang.String)
    21:22:public void setValue(java.lang.String)
com.swiftsoftbd.app.droidinfo.tools.BateryUtils:
    5:5:public BateryUtils()
com.swiftsoftbd.app.droidinfo.tools.ExternalStorage
com.swiftsoftbd.app.droidinfo.tools.LoaderData:
    133:138:public void loadCameraInfo()
com.swiftsoftbd.app.droidinfo.tools.MemoryUtils:
    17:17:public MemoryUtils()
    26:30:public static long getAvailableInternalMemorySize()
    141:168:public static java.lang.String formatMemSize(long,int)
com.swiftsoftbd.app.droidinfo.tools.SensorUtil:
    7:7:public SensorUtil()
com.swiftsoftbd.app.droidinfo.tools.StrFormatter:
    3:3:public StrFormatter()
...
com.google.android.gms.internal.zzbxg
com.google.android.gms.internal.zzbxh
com.google.android.gms.internal.zzbxi
com.google.android.gms.internal.zzbxj
com.google.android.gms.internal.zzbxk
com.google.android.gms.internal.zzbxl:
    public long zzaes()
    public void zza(com.google.android.gms.internal.zzbxt,int)
    public int zzaeu()
    public static int zzqY(int)
com.google.android.gms.internal.zzbxm:
    public void zzc(int,long)
    public void zzK(int,int)
    public void zzbc(long)
    public void zzre(int)
    public static int zzg(int,long)
    public static int zzM(int,int)
    public static int zzrg(int)
    public static int zzrm(int)
com.google.android.gms.internal.zzbxn:
    public final java.lang.Object zza(com.google.android.gms.internal.zzbxo)
com.google.android.gms.internal.zzbxo:
    public static com.google.android.gms.internal.zzbxo zza(int,java.lang.Class,long)
    private zzbxo(int,java.lang.Class,int,boolean)
    final java.lang.Object zzac(java.util.List)
    private java.lang.Object zzad(java.util.List)
    private java.lang.Object zzae(java.util.List)
    protected java.lang.Object zzaN(com.google.android.gms.internal.zzbxl)
    protected void zza(com.google.android.gms.internal.zzbxv,java.util.List)
com.google.android.gms.internal.zzbxq:
    java.lang.Object zzb(com.google.android.gms.internal.zzbxo)
com.google.android.gms.internal.zzbxr:
    public static boolean equals(float[],float[])
    public static int hashCode(float[])
com.google.android.gms.internal.zzbxx
com.google.android.gms.internal.zzbxx$zza
com.google.android.gms.internal.zzbyb:
    public void onCustomTabsServiceConnected(android.content.ComponentName,android.support.customtabs.CustomTabsClient)
    public void onServiceDisconnected(android.content.ComponentName)
com.google.android.gms.internal.zzbyc:
    public abstract void zza(android.support.customtabs.CustomTabsClient)
    public abstract void zzfI()
com.google.android.gms.internal.zzcb
com.google.android.gms.internal.zzcb$zza
com.google.android.gms.internal.zzcb$zza$zza
com.google.android.gms.internal.zzcc
com.google.android.gms.internal.zzcc$zza
com.google.android.gms.internal.zzcd
com.google.android.gms.internal.zzcd$zza
com.google.android.gms.internal.zzcd$zza$1
com.google.android.gms.internal.zzce
com.google.android.gms.internal.zzce$1
com.google.android.gms.internal.zzce$2
com.google.android.gms.internal.zzcf
com.google.android.gms.internal.zzcg
com.google.android.gms.internal.zzch
com.google.android.gms.internal.zzci
com.google.android.gms.internal.zzcj
com.google.android.gms.internal.zzcj$zza
com.google.android.gms.internal.zzef:
    public com.google.android.gms.internal.zzoa zza(android.content.Context,com.google.android.gms.internal.zzfe,java.lang.String)
com.google.android.gms.internal.zzek:
    public com.google.android.gms.internal.zzey zzl(android.content.Context)
    public com.google.android.gms.internal.zzhh zza(android.content.Context,android.widget.FrameLayout,android.widget.FrameLayout)
    public com.google.android.gms.internal.zznu zza(android.content.Context,com.google.android.gms.internal.zzka)
    static synthetic com.google.android.gms.internal.zzfj zzd(com.google.android.gms.internal.zzek)
    static synthetic com.google.android.gms.internal.zzht zze(com.google.android.gms.internal.zzek)
    static synthetic com.google.android.gms.internal.zzny zzf(com.google.android.gms.internal.zzek)
com.google.android.gms.internal.zzek$5
com.google.android.gms.internal.zzek$6
com.google.android.gms.internal.zzek$7
com.google.android.gms.internal.zzem:
    private final java.util.Random zzzW
    private java.lang.Object zzrJ
    public zzem()
    public void zzeV()
com.google.android.gms.internal.zzex$zza:
    public zzex$zza()
com.google.android.gms.internal.zzfe:
    public com.google.android.gms.ads.mediation.NetworkExtras getNetworkExtras(java.lang.Class)
    public android.os.Bundle getCustomEventExtrasBundle(java.lang.Class)